<?xml version="1.0" encoding="UTF-8"?>
<testsuite xmlns:xsi="http://www.w3.org/2001/XMLSchema-instance" xsi:noNamespaceSchemaLocation="https://maven.apache.org/surefire/maven-surefire-plugin/xsd/surefire-test-report.xsd" name="TestSuite" time="0.905" tests="4" errors="0" skipped="0" failures="0">
  <properties>
[...]
</properties>
  <testcase name="feature" classname="uitest.generated.Parallel01IT" time="0.146"/>
  <testcase name="feature" classname="uitest.generated.Parallel03IT" time="0.147"/>
  <testcase name="feature" classname="uitest.generated.Parallel02IT" time="0.147"/>
  <testcase name="feature" classname="uitest.generated.Parallel04IT" time="0.148"/>
</testsuite>