<?xml version="1.0" encoding="UTF-8"?>
<testng-results skipped="0" failed="0" total="4" passed="4">
  <reporter-output>
  </reporter-output>
  <suite name="BDD Test Suite" duration-ms="530" started-at="2019-01-17T22:01:13Z" finished-at="2019-01-17T22:01:13Z">
    <groups>
      <group name="cucumber">
        <method signature="AbstractTestNGCucumberTests.feature(cucumber.api.testng.CucumberFeatureWrapper)[pri:0, instance:uitest.generated.Parallel01IT@c038203]" name="feature" class="cucumber.api.testng.AbstractTestNGCucumberTests"/>
        <method signature="AbstractTestNGCucumberTests.feature(cucumber.api.testng.CucumberFeatureWrapper)[pri:0, instance:uitest.generated.Parallel02IT@6767c1fc]" name="feature" class="cucumber.api.testng.AbstractTestNGCucumberTests"/>
        <method signature="AbstractTestNGCucumberTests.feature(cucumber.api.testng.CucumberFeatureWrapper)[pri:0, instance:uitest.generated.Parallel03IT@29ee9faa]" name="feature" class="cucumber.api.testng.AbstractTestNGCucumberTests"/>
        <method signature="AbstractTestNGCucumberTests.feature(cucumber.api.testng.CucumberFeatureWrapper)[pri:0, instance:uitest.generated.Parallel04IT@cc285f4]" name="feature" class="cucumber.api.testng.AbstractTestNGCucumberTests"/>
      </group> <!-- cucumber -->
    </groups>
    <test name="Cucumber" duration-ms="530" started-at="2019-01-17T22:01:13Z" finished-at="2019-01-17T22:01:13Z">
      <class name="uitest.generated.Parallel03IT">
        <test-method status="PASS" signature="setUpClass()[pri:0, instance:uitest.generated.Parallel03IT@29ee9faa]" name="setUpClass" is-config="true" duration-ms="248" started-at="2019-01-17T17:01:13Z" finished-at="2019-01-17T17:01:13Z">
          <reporter-output>
          </reporter-output>
        </test-method> <!-- setUpClass -->
        <test-method status="PASS" signature="feature(cucumber.api.testng.CucumberFeatureWrapper)[pri:0, instance:uitest.generated.Parallel03IT@29ee9faa]" name="feature" duration-ms="155" started-at="2019-01-17T17:01:13Z" description="Runs Cucumber Feature" data-provider="features" finished-at="2019-01-17T17:01:13Z">
          <params>
            <param index="0">
              <value>
                <![CDATA[my third feature]]>
              </value>
            </param>
          </params>
          <reporter-output>
          </reporter-output>
        </test-method> <!-- feature -->
        <test-method status="PASS" signature="tearDownClass()[pri:0, instance:uitest.generated.Parallel03IT@29ee9faa]" name="tearDownClass" is-config="true" duration-ms="17" started-at="2019-01-17T17:01:13Z" finished-at="2019-01-17T17:01:13Z">
          <reporter-output>
          </reporter-output>
        </test-method> <!-- tearDownClass -->
      </class> <!-- uitest.generated.Parallel03IT -->
      <class name="uitest.generated.Parallel04IT">
        <test-method status="PASS" signature="setUpClass()[pri:0, instance:uitest.generated.Parallel04IT@cc285f4]" name="setUpClass" is-config="true" duration-ms="248" started-at="2019-01-17T17:01:13Z" finished-at="2019-01-17T17:01:13Z">
          <reporter-output>
          </reporter-output>
        </test-method> <!-- setUpClass -->
        <test-method status="PASS" signature="feature(cucumber.api.testng.CucumberFeatureWrapper)[pri:0, instance:uitest.generated.Parallel04IT@cc285f4]" name="feature" duration-ms="155" started-at="2019-01-17T17:01:13Z" description="Runs Cucumber Feature" data-provider="features" finished-at="2019-01-17T17:01:13Z">
          <params>
            <param index="0">
              <value>
                <![CDATA[my smoke]]>
              </value>
            </param>
          </params>
          <reporter-output>
          </reporter-output>
        </test-method> <!-- feature -->
        <test-method status="PASS" signature="tearDownClass()[pri:0, instance:uitest.generated.Parallel04IT@cc285f4]" name="tearDownClass" is-config="true" duration-ms="17" started-at="2019-01-17T17:01:13Z" finished-at="2019-01-17T17:01:13Z">
          <reporter-output>
          </reporter-output>
        </test-method> <!-- tearDownClass -->
      </class> <!-- uitest.generated.Parallel04IT -->
      <class name="uitest.generated.Parallel01IT">
        <test-method status="PASS" signature="setUpClass()[pri:0, instance:uitest.generated.Parallel01IT@c038203]" name="setUpClass" is-config="true" duration-ms="250" started-at="2019-01-17T17:01:13Z" finished-at="2019-01-17T17:01:13Z">
          <reporter-output>
          </reporter-output>
        </test-method> <!-- setUpClass -->
        <test-method status="PASS" signature="feature(cucumber.api.testng.CucumberFeatureWrapper)[pri:0, instance:uitest.generated.Parallel01IT@c038203]" name="feature" duration-ms="155" started-at="2019-01-17T17:01:13Z" description="Runs Cucumber Feature" data-provider="features" finished-at="2019-01-17T17:01:13Z">
          <params>
            <param index="0">
              <value>
                <![CDATA[My hello feature number one]]>
              </value>
            </param>
          </params>
          <reporter-output>
          </reporter-output>
        </test-method> <!-- feature -->
        <test-method status="PASS" signature="tearDownClass()[pri:0, instance:uitest.generated.Parallel01IT@c038203]" name="tearDownClass" is-config="true" duration-ms="17" started-at="2019-01-17T17:01:13Z" finished-at="2019-01-17T17:01:13Z">
          <reporter-output>
          </reporter-output>
        </test-method> <!-- tearDownClass -->
      </class> <!-- uitest.generated.Parallel01IT -->
      <class name="uitest.generated.Parallel02IT">
        <test-method status="PASS" signature="setUpClass()[pri:0, instance:uitest.generated.Parallel02IT@6767c1fc]" name="setUpClass" is-config="true" duration-ms="248" started-at="2019-01-17T17:01:13Z" finished-at="2019-01-17T17:01:13Z">
          <reporter-output>
          </reporter-output>
        </test-method> <!-- setUpClass -->
        <test-method status="PASS" signature="feature(cucumber.api.testng.CucumberFeatureWrapper)[pri:0, instance:uitest.generated.Parallel02IT@6767c1fc]" name="feature" duration-ms="155" started-at="2019-01-17T17:01:13Z" description="Runs Cucumber Feature" data-provider="features" finished-at="2019-01-17T17:01:13Z">
          <params>
            <param index="0">
              <value>
                <![CDATA[my seond feature]]>
              </value>
            </param>
          </params>
          <reporter-output>
          </reporter-output>
        </test-method> <!-- feature -->
        <test-method status="PASS" signature="tearDownClass()[pri:0, instance:uitest.generated.Parallel02IT@6767c1fc]" name="tearDownClass" is-config="true" duration-ms="17" started-at="2019-01-17T17:01:13Z" finished-at="2019-01-17T17:01:13Z">
          <reporter-output>
          </reporter-output>
        </test-method> <!-- tearDownClass -->
      </class> <!-- uitest.generated.Parallel02IT -->
    </test> <!-- Cucumber -->
  </suite> <!-- BDD Test Suite -->
</testng-results>
