<?xml version="1.0" encoding="UTF-8"?>
<!-- Generated by org.testng.reporters.JUnitXMLReporter -->
<testsuite hostname="gregorys-MacBook-Pro.local" name="Cucumber" tests="4" failures="0" timestamp="17 Jan 2019 22:04:25 GMT" time="0.541" errors="0">
  <testcase name="feature" time="0.146" classname="uitest.generated.Parallel01IT"/>
  <testcase name="feature" time="0.146" classname="uitest.generated.Parallel03IT"/>
  <testcase name="feature" time="0.146" classname="uitest.generated.Parallel02IT"/>
  <testcase name="feature" time="0.146" classname="uitest.generated.Parallel04IT"/>
</testsuite> <!-- Cucumber -->
